<?xml version="1.0" encoding="UTF-8"?>
<testng-results ignored="0" total="1" passed="1" failed="0" skipped="0">
  <reporter-output>
  </reporter-output>
  <suite started-at="2023-11-21T05:34:51Z" name="Default suite" finished-at="2023-11-21T05:34:57Z" duration-ms="5633">
    <groups>
    </groups>
    <test started-at="2023-11-21T05:34:51Z" name="Default test" finished-at="2023-11-21T05:34:57Z" duration-ms="5633">
      <class name="gaps.LogIns">
        <test-method signature="openBrowser()[pri:0, instance:gaps.LogIns@3daf7722]" started-at="2023-11-20T23:34:51Z" name="openBrowser" finished-at="2023-11-20T23:34:57Z" duration-ms="5601" status="PASS">
          <reporter-output>
          </reporter-output>
        </test-method> <!-- openBrowser -->
      </class> <!-- gaps.LogIns -->
    </test> <!-- Default test -->
  </suite> <!-- Default suite -->
</testng-results>
