<?xml version="1.0" encoding="UTF-8"?>
<testng-results ignored="0" total="1" passed="1" failed="0" skipped="0">
  <reporter-output>
  </reporter-output>
  <suite started-at="2023-11-10T17:30:00Z" name="Default suite" finished-at="2023-11-10T17:30:00Z" duration-ms="59">
    <groups>
    </groups>
    <test started-at="2023-11-10T17:30:00Z" name="Default test" finished-at="2023-11-10T17:30:00Z" duration-ms="59">
      <class name="allGapData.Asma">
        <test-method signature="bb()[pri:0, instance:allGapData.Asma@6c2c1385]" started-at="2023-11-10T11:30:00Z" name="bb" finished-at="2023-11-10T11:30:00Z" duration-ms="28" status="PASS">
          <reporter-output>
          </reporter-output>
        </test-method> <!-- bb -->
      </class> <!-- allGapData.Asma -->
    </test> <!-- Default test -->
  </suite> <!-- Default suite -->
</testng-results>
